OpenCV/build/intermediates/manifest_merge_blame_file/release/manifest-merger-blame-release-report.txt
1<?xml version="1.0" encoding="utf-8"?>
2<manifest xmlns:android="http://schemas.android.com/apk/res/android"
3    package="org.opencv"
4    android:versionCode="4010"
5    android:versionName="4.0.1" >
6
7    <uses-sdk
8        android:minSdkVersion="23"
8-->DUP/OpenCV/AndroidManifest.xml
9        android:targetSdkVersion="28" />
9-->DUP/OpenCV/AndroidManifest.xml
10
11    <uses-permission android:name="android.permission.CAMERA" />
11-->DUP/OpenCV/AndroidManifest.xml:7:5-65
11-->DUP/OpenCV/AndroidManifest.xml:7:22-62
12
13</manifest>